{
  "stats": {
    "suites": 1,
    "tests": 1,
    "passes": 1,
    "pending": 0,
    "failures": 0,
    "start": "2021-11-15T13:52:34.009Z",
    "end": "2021-11-15T13:52:56.836Z",
    "duration": 22827,
    "testsRegistered": 1,
    "passPercent": 100,
    "pendingPercent": 0,
    "other": 0,
    "hasOther": false,
    "skipped": 0,
    "hasSkipped": false
  },
  "results": [
    {
      "uuid": "c452345b-68b9-493c-a9f5-800bb22ce210",
      "title": "",
      "fullFile": "cypress/integration/cadastro.spec.js",
      "file": "cypress/integration/cadastro.spec.js",
      "beforeHooks": [],
      "afterHooks": [],
      "tests": [],
      "suites": [
        {
          "uuid": "eed13f83-f943-481c-9634-baf128479c93",
          "title": "Cadastro",
          "fullFile": "",
          "file": "",
          "beforeHooks": [],
          "afterHooks": [],
          "tests": [
            {
              "title": "Quando eu informar os dados e finalizar, então o cadastro deve ser efetuado com sucesso",
              "fullTitle": "Cadastro Quando eu informar os dados e finalizar, então o cadastro deve ser efetuado com sucesso",
              "timedOut": null,
              "duration": 19681,
              "state": "passed",
              "speed": "slow",
              "pass": true,
              "fail": false,
              "pending": false,
              "context": null,
              "code": "cy.visit('http://automationpractice.com');\ncy.get('.login').click();\ncy.get('input#email_create').type(chance.email());\ncy.get('button#SubmitCreate').click(); // PERSONAL INFORMATION\ncy.get('input#id_gender2').check();\ncy.get('input#customer_firstname').type(chance.first());\ncy.get('input#customer_lastname').type(chance.last());\ncy.get('input#passwd').type(chance.string({\n  length: 5\n}));\ncy.get('select#days').select(chance.natural({\n  min: 1,\n  max: 28\n}));\ncy.get('select#months').select(chance.month());\ncy.get('select#years').select(chance.year({\n  min: 1950,\n  max: 2000\n})); // YOUR ADDRESS\ncy.get('input#company').type(chance.company());\ncy.get('input#address1').type(chance.address());\ncy.get('input#address2').type(chance.address());\ncy.get('input#city').type(chance.city());\ncy.get('select#id_state').select(chance.natural({\n  min: 1,\n  max: 53\n}));\ncy.get('input#postcode').type(chance.zip());\ncy.get('textarea[id=other]').type('Test');\ncy.get('input#phone').type(chance.phone());\ncy.get('input#phone_mobile').type(chance.phone());\ncy.get('input#alias').type(chance.email());\ncy.get('button#submitAccount').click();\ncy.contains('Welcome to your account.');",
              "err": {},
              "uuid": "926bd605-9d33-4331-b89c-c01a94a91e05",
              "parentUUID": "eed13f83-f943-481c-9634-baf128479c93",
              "isHook": false,
              "skipped": false
            }
          ],
          "suites": [],
          "passes": [
            "926bd605-9d33-4331-b89c-c01a94a91e05"
          ],
          "failures": [],
          "pending": [],
          "skipped": [],
          "duration": 19681,
          "root": false,
          "rootEmpty": false,
          "_timeout": 2000
        }
      ],
      "passes": [],
      "failures": [],
      "pending": [],
      "skipped": [],
      "duration": 0,
      "root": true,
      "rootEmpty": true,
      "_timeout": 2000
    }
  ],
  "meta": {
    "mocha": {
      "version": "7.0.1"
    },
    "mochawesome": {
      "options": {
        "quiet": true,
        "reportFilename": "mochawesome",
        "saveHtml": false,
        "saveJson": true,
        "consoleReporter": "spec",
        "useInlineDiffs": false,
        "code": true
      },
      "version": "6.3.1"
    },
    "marge": {
      "options": {
        "id": "default",
        "reportDir": "mochawesome-report",
        "quiet": true,
        "overwrite": false,
        "html": false,
        "json": true
      },
      "version": "5.2.0"
    }
  }
}